<?xml version="1.0" encoding="UTF-8"?>
<!-- Generated by org.testng.reporters.JUnitReportReporter -->
<testsuite hostname="LAPTOP-CO6TR81B" failures="0" tests="2" name="newone.data_with_P30.TC014_TC017" time="64.807" errors="0" timestamp="2024-01-19T13:34:20 IST" skipped="0">
  <testcase classname="newone.data_with_P30.TC014_TC017" name="TC_015" time="43.739"/>
  <system-out/>
  <testcase classname="newone.data_with_P30.TC014_TC017" name="TC_014" time="21.068"/>
  <system-out/>
</testsuite> <!-- newone.data_with_P30.TC014_TC017 -->
