<?xml version="1.0" encoding="UTF-8"?>
<!-- Generated by org.testng.reporters.JUnitReportReporter -->
<testsuite hostname="LAPTOP-CO6TR81B" failures="0" tests="7" name="newone.data_with_P30.TSS07_TS14" time="144.203" errors="0" timestamp="2024-01-19T01:19:49 IST" skipped="0">
  <testcase classname="newone.data_with_P30.TSS07_TS14" name="TC_012" time="25.151"/>
  <system-out/>
  <testcase classname="newone.data_with_P30.TSS07_TS14" name="TC_011" time="20.645"/>
  <system-out/>
  <testcase classname="newone.data_with_P30.TSS07_TS14" name="TC_010" time="20.338"/>
  <system-out/>
  <testcase classname="newone.data_with_P30.TSS07_TS14" name="TC_009" time="18.843"/>
  <system-out/>
  <testcase classname="newone.data_with_P30.TSS07_TS14" name="TC_013" time="25.117"/>
  <system-out/>
  <testcase classname="newone.data_with_P30.TSS07_TS14" name="TC_007" time="17.210"/>
  <system-out/>
  <testcase classname="newone.data_with_P30.TSS07_TS14" name="TC_008" time="16.899"/>
  <system-out/>
</testsuite> <!-- newone.data_with_P30.TSS07_TS14 -->
