<?xml version="1.0" encoding="UTF-8"?>
<!-- Generated by org.testng.reporters.JUnitReportReporter -->
<testsuite hostname="LAPTOP-CO6TR81B" failures="0" tests="7" name="newone.data_with_P30.TS03" time="153.141" errors="0" timestamp="2024-01-19T19:51:00 IST" skipped="0">
  <testcase classname="newone.data_with_P30.TS03" name="TC_012" time="25.826"/>
  <system-out/>
  <testcase classname="newone.data_with_P30.TS03" name="TC_013" time="29.909"/>
  <system-out/>
  <testcase classname="newone.data_with_P30.TS03" name="TC_007" time="17.282"/>
  <system-out/>
  <testcase classname="newone.data_with_P30.TS03" name="TC_011" time="16.669"/>
  <system-out/>
  <testcase classname="newone.data_with_P30.TS03" name="TC_008" time="17.686"/>
  <system-out/>
  <testcase classname="newone.data_with_P30.TS03" name="TC_010" time="27.100"/>
  <system-out/>
  <testcase classname="newone.data_with_P30.TS03" name="TC_009" time="18.669"/>
  <system-out/>
</testsuite> <!-- newone.data_with_P30.TS03 -->
