<?xml version="1.0" encoding="UTF-8"?>
<!-- Generated by org.testng.reporters.JUnitReportReporter -->
<testsuite hostname="LAPTOP-CO6TR81B" failures="0" tests="4" name="newone.data_with_P30.TS06" time="65.581" errors="0" timestamp="2024-01-19T22:01:46 IST" skipped="0">
  <testcase classname="newone.data_with_P30.TS06" name="TC_25" time="15.011"/>
  <system-out/>
  <testcase classname="newone.data_with_P30.TS06" name="TC_24" time="14.853"/>
  <system-out/>
  <testcase classname="newone.data_with_P30.TS06" name="TC_23" time="15.876"/>
  <system-out/>
  <testcase classname="newone.data_with_P30.TS06" name="TC_26" time="19.841"/>
  <system-out/>
</testsuite> <!-- newone.data_with_P30.TS06 -->
