<?xml version="1.0" encoding="UTF-8"?>
<!-- Generated by org.testng.reporters.JUnitReportReporter -->
<testsuite hostname="LAPTOP-CO6TR81B" failures="0" tests="2" name="newone.data_with_P30.TS14_TS17" time="66.358" errors="0" timestamp="2024-01-19T13:24:30 IST" skipped="0">
  <testcase classname="newone.data_with_P30.TS14_TS17" name="TS_014" time="23.692"/>
  <system-out/>
  <testcase classname="newone.data_with_P30.TS14_TS17" name="TC_015" time="42.666"/>
  <system-out/>
</testsuite> <!-- newone.data_with_P30.TS14_TS17 -->
