<?xml version="1.0" encoding="UTF-8"?>
<!-- Generated by org.testng.reporters.JUnitReportReporter -->
<testsuite hostname="LAPTOP-CO6TR81B" failures="0" tests="6" name="newone.data_with_P30.NewTest" time="78.967" errors="0" timestamp="2024-01-18T19:54:56 IST" skipped="0">
  <testcase classname="newone.data_with_P30.NewTest" name="TC_006" time="21.670"/>
  <system-out/>
  <testcase classname="newone.data_with_P30.NewTest" name="TC_005" time="16.045"/>
  <system-out/>
  <testcase classname="newone.data_with_P30.NewTest" name="TC_002" time="11.438"/>
  <system-out/>
  <testcase classname="newone.data_with_P30.NewTest" name="TC_003" time="11.449"/>
  <system-out/>
  <testcase classname="newone.data_with_P30.NewTest" name="TC_004" time="11.166"/>
  <system-out/>
  <testcase classname="newone.data_with_P30.NewTest" name="TC_001" time="7.199"/>
  <system-out/>
</testsuite> <!-- newone.data_with_P30.NewTest -->
