<?xml version="1.0" encoding="UTF-8"?>
<!-- Generated by org.testng.reporters.JUnitReportReporter -->
<testsuite hostname="LAPTOP-CO6TR81B" failures="0" tests="5" name="newone.data_with_P30.TS05" time="80.966" errors="0" timestamp="2024-01-19T21:31:04 IST" skipped="0">
  <testcase classname="newone.data_with_P30.TS05" name="TC_22" time="16.586"/>
  <system-out/>
  <testcase classname="newone.data_with_P30.TS05" name="TC_21" time="14.326"/>
  <system-out/>
  <testcase classname="newone.data_with_P30.TS05" name="TC_19" time="18.545"/>
  <system-out/>
  <testcase classname="newone.data_with_P30.TS05" name="TC_18" time="16.547"/>
  <system-out/>
  <testcase classname="newone.data_with_P30.TS05" name="TC_20" time="14.962"/>
  <system-out/>
</testsuite> <!-- newone.data_with_P30.TS05 -->
