<?xml version="1.0" encoding="UTF-8"?>
<!-- Generated by org.testng.reporters.JUnitReportReporter -->
<testsuite hostname="LAPTOP-CO6TR81B" failures="0" tests="4" name="newone.data_with_P30.TC04" time="103.808" errors="0" timestamp="2024-01-19T19:59:07 IST" skipped="0">
  <testcase classname="newone.data_with_P30.TC04" name="TC_016" time="27.274"/>
  <system-out/>
  <testcase classname="newone.data_with_P30.TC04" name="TC_015" time="26.184"/>
  <system-out/>
  <testcase classname="newone.data_with_P30.TC04" name="TC_017" time="27.288"/>
  <system-out/>
  <testcase classname="newone.data_with_P30.TC04" name="TC_014" time="23.062"/>
  <system-out/>
</testsuite> <!-- newone.data_with_P30.TC04 -->
