<?xml version="1.0" encoding="UTF-8"?>
<!-- Generated by org.testng.reporters.JUnitReportReporter -->
<testsuite hostname="LAPTOP-CO6TR81B" failures="0" tests="9" name="newone.data_with_P30.TS01_TS02" time="121.264" errors="0" timestamp="2024-01-19T22:54:58 IST" skipped="0">
  <testcase classname="newone.data_with_P30.TS01_TS02" name="test" time="11.882"/>
  <system-out/>
  <testcase classname="newone.data_with_P30.TS01_TS02" name="TC_006" time="21.047"/>
  <system-out/>
  <testcase classname="newone.data_with_P30.TS01_TS02" name="TC_003" time="10.983"/>
  <system-out/>
  <testcase classname="newone.data_with_P30.TS01_TS02" name="TC_005" time="16.301"/>
  <system-out/>
  <testcase classname="newone.data_with_P30.TS01_TS02" name="TC_001" time="11.034"/>
  <system-out/>
  <testcase classname="newone.data_with_P30.TS01_TS02" name="test" time="17.607"/>
  <system-out/>
  <testcase classname="newone.data_with_P30.TS01_TS02" name="TC_004" time="11.030"/>
  <system-out/>
  <testcase classname="newone.data_with_P30.TS01_TS02" name="TC_002" time="9.187"/>
  <system-out/>
  <testcase classname="newone.data_with_P30.TS01_TS02" name="test" time="12.193"/>
  <system-out/>
</testsuite> <!-- newone.data_with_P30.TS01_TS02 -->
